TN:
SF:D:\React\scheduler\src\components\Application.js
FN:16,Application
FN:27,(anonymous_1)
FNF:2
FNH:2
FNDA:2,Application
FNDA:2,(anonymous_1)
DA:22,2
DA:24,2
DA:26,2
DA:28,2
DA:41,2
LF:5
LH:5
BRF:0
BRH:0
end_of_record
TN:
SF:D:\React\scheduler\src\components\Button.js
FN:7,Button
FNF:1
FNH:1
FNDA:34,Button
DA:8,34
DA:13,34
LF:2
LH:2
BRF:0
BRH:0
end_of_record
TN:
SF:D:\React\scheduler\src\components\DayList.js
FN:5,DayList
FN:6,(anonymous_1)
FNF:2
FNH:2
FNDA:2,DayList
FNDA:2,(anonymous_1)
DA:6,2
DA:7,2
DA:18,2
LF:3
LH:3
BRF:0
BRH:0
end_of_record
TN:
SF:D:\React\scheduler\src\components\DayListItem.js
FN:6,formatSpots
FN:13,DayListItem
FN:22,(anonymous_2)
FNF:3
FNH:2
FNDA:2,formatSpots
FNDA:2,DayListItem
FNDA:0,(anonymous_2)
DA:7,2
DA:8,2
DA:10,0
DA:14,2
DA:19,2
DA:22,0
LF:6
LH:4
BRDA:7,0,0,0
BRDA:7,0,1,2
BRDA:8,1,0,2
BRDA:8,1,1,0
BRF:4
BRH:2
end_of_record
TN:
SF:D:\React\scheduler\src\components\InterviewerList.js
FN:8,InterviewerList
FN:9,(anonymous_1)
FN:17,(anonymous_2)
FNF:3
FNH:2
FNDA:17,InterviewerList
FNDA:17,(anonymous_1)
FNDA:0,(anonymous_2)
DA:9,17
DA:10,17
DA:17,0
DA:22,17
DA:30,2
LF:5
LH:4
BRF:0
BRH:0
end_of_record
TN:
SF:D:\React\scheduler\src\components\InterviewerListItem.js
FN:6,InterviewerItem
FNF:1
FNH:1
FNDA:17,InterviewerItem
DA:7,17
DA:11,17
LF:2
LH:2
BRDA:18,0,0,17
BRDA:18,0,1,7
BRF:2
BRH:2
end_of_record
TN:
SF:D:\React\scheduler\src\components\Appointment\Confirm.js
FN:5,Confirm
FNF:1
FNH:0
FNDA:0,Confirm
DA:6,0
LF:1
LH:0
BRF:0
BRH:0
end_of_record
TN:
SF:D:\React\scheduler\src\components\Appointment\Empty.js
FN:3,Empty
FNF:1
FNH:1
FNDA:3,Empty
DA:4,3
LF:1
LH:1
BRF:0
BRH:0
end_of_record
TN:
SF:D:\React\scheduler\src\components\Appointment\Error.js
FN:3,Error
FNF:1
FNH:0
FNDA:0,Error
DA:4,0
LF:1
LH:0
BRF:0
BRH:0
end_of_record
TN:
SF:D:\React\scheduler\src\components\Appointment\Form.js
FN:6,Form
FN:12,reset
FN:18,cancel
FN:23,validate
FN:40,(anonymous_4)
FN:47,(anonymous_5)
FNF:6
FNH:5
FNDA:18,Form
FNDA:1,reset
FNDA:1,cancel
FNDA:7,validate
FNDA:0,(anonymous_4)
FNDA:3,(anonymous_5)
DA:7,18
DA:8,18
DA:9,18
DA:13,1
DA:14,1
DA:15,1
DA:19,1
DA:20,1
DA:24,7
DA:25,2
DA:26,2
DA:28,5
DA:29,2
DA:30,2
DA:33,3
DA:34,3
DA:37,18
DA:40,0
DA:48,3
LF:19
LH:18
BRDA:7,0,0,18
BRDA:7,0,1,10
BRDA:8,1,0,18
BRDA:8,1,1,10
BRDA:24,2,0,2
BRDA:24,2,1,5
BRDA:28,3,0,2
BRDA:28,3,1,3
BRF:8
BRH:8
end_of_record
TN:
SF:D:\React\scheduler\src\components\Appointment\Header.js
FN:3,Header
FNF:1
FNH:1
FNDA:4,Header
DA:4,4
LF:1
LH:1
BRF:0
BRH:0
end_of_record
TN:
SF:D:\React\scheduler\src\components\Appointment\Show.js
FN:3,Show
FNF:1
FNH:1
FNDA:1,Show
DA:4,1
LF:1
LH:1
BRDA:11,0,0,1
BRDA:11,0,1,1
BRF:2
BRH:2
end_of_record
TN:
SF:D:\React\scheduler\src\components\Appointment\Status.js
FN:3,Status
FNF:1
FNH:0
FNDA:0,Status
DA:4,0
LF:1
LH:0
BRF:0
BRH:0
end_of_record
TN:
SF:D:\React\scheduler\src\components\Appointment\index.js
FN:24,Appointment
FN:27,save
FN:37,(anonymous_2)
FN:38,(anonymous_3)
FN:41,destroy
FN:45,(anonymous_5)
FN:46,(anonymous_6)
FN:57,(anonymous_7)
FN:58,(anonymous_8)
FN:61,(anonymous_9)
FNF:10
FNH:1
FNDA:4,Appointment
FNDA:0,save
FNDA:0,(anonymous_2)
FNDA:0,(anonymous_3)
FNDA:0,destroy
FNDA:0,(anonymous_5)
FNDA:0,(anonymous_6)
FNDA:0,(anonymous_7)
FNDA:0,(anonymous_8)
FNDA:0,(anonymous_9)
DA:14,1
DA:15,1
DA:16,1
DA:17,1
DA:18,1
DA:19,1
DA:20,1
DA:21,1
DA:22,1
DA:25,4
DA:28,0
DA:33,0
DA:35,0
DA:37,0
DA:38,0
DA:42,0
DA:43,0
DA:45,0
DA:46,0
DA:50,4
DA:57,0
DA:58,0
DA:61,0
LF:23
LH:11
BRDA:25,0,0,1
BRDA:25,0,1,3
BRDA:53,1,0,4
BRDA:53,1,1,1
BRDA:61,2,0,4
BRDA:61,2,1,3
BRDA:62,3,0,4
BRDA:62,3,1,0
BRDA:63,4,0,4
BRDA:63,4,1,0
BRDA:72,5,0,4
BRDA:72,5,1,0
BRDA:73,6,0,4
BRDA:73,6,1,0
BRDA:74,7,0,4
BRDA:74,7,1,0
BRDA:81,8,0,4
BRDA:81,8,1,0
BRDA:84,9,0,4
BRDA:84,9,1,0
BRF:20
BRH:13
end_of_record
TN:
SF:D:\React\scheduler\src\helpers\selectors.js
FN:1,getAppointmentsForDay
FN:2,(anonymous_1)
FN:6,(anonymous_2)
FN:9,getInterviewersForDay
FN:10,(anonymous_4)
FN:14,(anonymous_5)
FN:17,getInterview
FNF:7
FNH:7
FNDA:7,getAppointmentsForDay
FNDA:7,(anonymous_1)
FNDA:10,(anonymous_2)
FNDA:7,getInterviewersForDay
FNDA:7,(anonymous_4)
FNDA:8,(anonymous_5)
FNDA:4,getInterview
DA:2,7
DA:4,7
DA:6,10
DA:10,7
DA:12,7
DA:14,8
DA:18,4
LF:7
LH:7
BRDA:4,0,0,3
BRDA:4,0,1,4
BRDA:4,1,0,7
BRDA:4,1,1,5
BRDA:12,2,0,3
BRDA:12,2,1,4
BRDA:12,3,0,7
BRDA:12,3,1,5
BRDA:19,4,0,4
BRDA:19,4,1,2
BRF:10
BRH:10
end_of_record
TN:
SF:D:\React\scheduler\src\hooks\useApplicationData.js
FN:13,useApplicationData
FN:21,(anonymous_1)
FN:23,(anonymous_2)
FN:29,(anonymous_3)
FN:41,bookInterview
FN:42,(anonymous_5)
FN:51,cancelInterview
FN:52,(anonymous_7)
FNF:8
FNH:3
FNDA:2,useApplicationData
FNDA:0,(anonymous_1)
FNDA:1,(anonymous_2)
FNDA:1,(anonymous_3)
FNDA:0,bookInterview
FNDA:0,(anonymous_5)
FNDA:0,cancelInterview
FNDA:0,(anonymous_7)
DA:14,2
DA:21,2
DA:23,2
DA:24,1
DA:30,1
DA:39,2
DA:42,0
DA:43,0
DA:52,0
DA:53,0
DA:61,2
LF:11
LH:7
BRF:0
BRH:0
end_of_record
TN:
SF:D:\React\scheduler\src\hooks\useRealtimeUpdate.js
FN:4,useRealtimeUpdate
FN:5,(anonymous_1)
FN:8,(anonymous_2)
FN:16,(anonymous_3)
FNF:4
FNH:3
FNDA:2,useRealtimeUpdate
FNDA:1,(anonymous_1)
FNDA:0,(anonymous_2)
FNDA:1,(anonymous_3)
DA:5,2
DA:6,1
DA:8,1
DA:9,0
DA:11,0
DA:12,0
DA:16,1
DA:17,1
LF:8
LH:5
BRDA:11,0,0,0
BRDA:11,0,1,0
BRDA:11,1,0,0
BRDA:11,1,1,0
BRF:4
BRH:0
end_of_record
TN:
SF:D:\React\scheduler\src\hooks\useVisualMode.js
FN:3,useVisualMode
FN:6,transition
FN:7,(anonymous_2)
FN:12,back
FN:13,(anonymous_4)
FNF:5
FNH:5
FNDA:17,useVisualMode
FNDA:5,transition
FNDA:5,(anonymous_2)
FNDA:4,back
FNDA:4,(anonymous_4)
DA:4,17
DA:7,5
DA:13,4
DA:16,17
LF:4
LH:4
BRDA:6,0,0,4
BRDA:7,1,0,1
BRDA:7,1,1,4
BRDA:13,2,0,3
BRDA:13,2,1,1
BRF:5
BRH:5
end_of_record
TN:
SF:D:\React\scheduler\src\reducers\application.js
FN:5,reducer
FN:27,(anonymous_1)
FN:30,(anonymous_2)
FN:34,(anonymous_3)
FNF:4
FNH:1
FNDA:2,reducer
FNDA:0,(anonymous_1)
FNDA:0,(anonymous_2)
FNDA:0,(anonymous_3)
DA:1,2
DA:2,2
DA:3,2
DA:6,2
DA:8,0
DA:10,1
DA:17,0
DA:22,0
DA:27,0
DA:28,0
DA:30,0
DA:34,0
DA:35,0
DA:43,0
DA:50,1
LF:15
LH:6
BRDA:6,0,0,0
BRDA:6,0,1,1
BRDA:6,0,2,0
BRDA:6,0,3,1
BRDA:19,1,0,0
BRDA:19,1,1,0
BRDA:30,2,0,0
BRDA:30,2,1,0
BRDA:35,3,0,0
BRDA:35,3,1,0
BRF:10
BRH:2
end_of_record
